\BOOKMARK [0][-]{chapter*.2}{\376\377\000A\000b\000s\000t\000r\000a\000c\000t}{}% 1
\BOOKMARK [0][-]{chapter*.3}{\376\377\000S\000a\000m\000m\000e\000n\000d\000r\000a\000g}{}% 2
\BOOKMARK [0][-]{chapter*.4}{\376\377\000P\000r\000e\000f\000a\000c\000e}{}% 3
\BOOKMARK [0][-]{chapter*.5}{\376\377\000C\000o\000n\000t\000e\000n\000t\000s}{}% 4
\BOOKMARK [0][-]{chapter*.5}{\376\377\000L\000i\000s\000t\000\040\000o\000f\000\040\000F\000i\000g\000u\000r\000e\000s}{}% 5
\BOOKMARK [0][-]{chapter*.6}{\376\377\000L\000i\000s\000t\000\040\000o\000f\000\040\000T\000a\000b\000l\000e\000s}{}% 6
\BOOKMARK [0][-]{chapter*.8}{\376\377\000A\000b\000b\000r\000e\000v\000i\000a\000t\000i\000o\000n\000s}{}% 7
\BOOKMARK [0][-]{chapter.1}{\376\377\000I\000n\000t\000r\000o\000d\000u\000c\000t\000i\000o\000n}{}% 8
\BOOKMARK [1][-]{section.1.1}{\376\377\000B\000a\000c\000k\000g\000r\000o\000u\000n\000d\000\040\000a\000n\000d\000\040\000M\000o\000t\000i\000v\000a\000t\000i\000o\000n}{chapter.1}% 9
\BOOKMARK [1][-]{section.1.2}{\376\377\000O\000b\000j\000e\000c\000t\000i\000v\000e\000s}{chapter.1}% 10
\BOOKMARK [1][-]{section.1.3}{\376\377\000R\000e\000s\000e\000a\000r\000c\000h\000\040\000Q\000u\000e\000s\000t\000i\000o\000n\000s}{chapter.1}% 11
\BOOKMARK [1][-]{section.1.4}{\376\377\000S\000i\000g\000n\000i\000f\000i\000c\000a\000n\000c\000e\000\040\000o\000f\000\040\000t\000h\000e\000\040\000S\000t\000u\000d\000y}{chapter.1}% 12
\BOOKMARK [1][-]{section.1.5}{\376\377\000T\000h\000e\000s\000i\000s\000\040\000S\000t\000r\000u\000c\000t\000u\000r\000e}{chapter.1}% 13
\BOOKMARK [1][-]{section.1.6}{\376\377\000S\000c\000o\000p\000e}{chapter.1}% 14
\BOOKMARK [0][-]{chapter.2}{\376\377\000L\000i\000t\000e\000r\000a\000t\000u\000r\000e\000\040\000R\000e\000v\000i\000e\000w}{}% 15
\BOOKMARK [1][-]{section.2.1}{\376\377\000P\000h\000o\000t\000o\000v\000o\000l\000t\000a\000i\000c\000\040\000S\000y\000s\000t\000e\000m\000s}{chapter.2}% 16
\BOOKMARK [2][-]{subsection.2.1.1}{\376\377\000L\000a\000n\000d\000-\000b\000a\000s\000e\000d\000\040\000P\000h\000o\000t\000o\000v\000o\000l\000t\000a\000i\000c\000\040\000\050\000P\000V\000\051\000\040\000S\000y\000s\000t\000e\000m\000s}{section.2.1}% 17
\BOOKMARK [2][-]{subsection.2.1.2}{\376\377\000F\000l\000o\000a\000t\000i\000n\000g\000\040\000P\000h\000o\000t\000o\000v\000o\000l\000t\000a\000i\000c\000\040\000\050\000F\000P\000V\000\051\000\040\000S\000y\000s\000t\000e\000m\000s}{section.2.1}% 18
\BOOKMARK [1][-]{section.2.2}{\376\377\000A\000n\000o\000m\000a\000l\000y\000\040\000T\000y\000p\000e\000s\000\040\000i\000n\000\040\000P\000h\000o\000t\000o\000v\000o\000l\000t\000a\000i\000c\000\040\000S\000y\000s\000t\000e\000m\000s}{chapter.2}% 19
\BOOKMARK [2][-]{subsection.2.2.1}{\376\377\000T\000h\000e\000r\000m\000a\000l\000\040\000A\000n\000o\000m\000a\000l\000i\000e\000s}{section.2.2}% 20
\BOOKMARK [2][-]{subsection.2.2.2}{\376\377\000P\000h\000y\000s\000i\000c\000a\000l\000\040\000D\000e\000f\000e\000c\000t\000s}{section.2.2}% 21
\BOOKMARK [2][-]{subsection.2.2.3}{\376\377\000E\000n\000v\000i\000r\000o\000n\000m\000e\000n\000t\000a\000l\000\040\000I\000m\000p\000a\000c\000t\000\040\000A\000n\000o\000m\000a\000l\000i\000e\000s}{section.2.2}% 22
\BOOKMARK [2][-]{subsection.2.2.4}{\376\377\000E\000l\000e\000c\000t\000r\000i\000c\000a\000l\000\040\000A\000n\000o\000m\000a\000l\000i\000e\000s}{section.2.2}% 23
\BOOKMARK [2][-]{subsection.2.2.5}{\376\377\000F\000l\000o\000a\000t\000i\000n\000g\000\040\000P\000V\000-\000S\000p\000e\000c\000i\000f\000i\000c\000\040\000A\000n\000o\000m\000a\000l\000i\000e\000s}{section.2.2}% 24
\BOOKMARK [1][-]{section.2.3}{\376\377\000P\000o\000w\000e\000r\000\040\000L\000o\000s\000s\000\040\000M\000e\000c\000h\000a\000n\000i\000s\000m\000s\000\040\000i\000n\000\040\000P\000V\000\040\000S\000y\000s\000t\000e\000m\000s}{chapter.2}% 25
\BOOKMARK [1][-]{section.2.4}{\376\377\000A\000n\000o\000m\000a\000l\000y\000\040\000D\000e\000t\000e\000c\000t\000i\000o\000n\000\040\000M\000e\000t\000h\000o\000d\000s}{chapter.2}% 26
\BOOKMARK [2][-]{subsection.2.4.1}{\376\377\000V\000i\000s\000u\000a\000l\000\040\000I\000n\000s\000p\000e\000c\000t\000i\000o\000n}{section.2.4}% 27
\BOOKMARK [2][-]{subsection.2.4.2}{\376\377\000I\000n\000f\000r\000a\000r\000e\000d\000\040\000\050\000I\000R\000\051\000\040\000T\000h\000e\000r\000m\000o\000g\000r\000a\000p\000h\000y}{section.2.4}% 28
\BOOKMARK [2][-]{subsection.2.4.3}{\376\377\000E\000l\000e\000c\000t\000r\000o\000l\000u\000m\000i\000n\000e\000s\000c\000e\000n\000c\000e\000\040\000\050\000E\000L\000\051\000\040\000I\000m\000a\000g\000i\000n\000g}{section.2.4}% 29
\BOOKMARK [1][-]{section.2.5}{\376\377\000A\000r\000t\000i\000f\000i\000c\000i\000a\000l\000\040\000I\000n\000t\000e\000l\000l\000i\000g\000e\000n\000c\000e\000\040\000a\000n\000d\000\040\000M\000a\000c\000h\000i\000n\000e\000\040\000L\000e\000a\000r\000n\000i\000n\000g}{chapter.2}% 30
\BOOKMARK [2][-]{subsection.2.5.1}{\376\377\000M\000a\000c\000h\000i\000n\000e\000\040\000L\000e\000a\000r\000n\000i\000n\000g\000\040\000F\000u\000n\000d\000a\000m\000e\000n\000t\000a\000l\000s}{section.2.5}% 31
\BOOKMARK [2][-]{subsection.2.5.2}{\376\377\000D\000e\000e\000p\000\040\000L\000e\000a\000r\000n\000i\000n\000g}{section.2.5}% 32
\BOOKMARK [2][-]{subsection.2.5.3}{\376\377\000C\000o\000m\000p\000u\000t\000e\000r\000\040\000V\000i\000s\000i\000o\000n}{section.2.5}% 33
\BOOKMARK [0][-]{chapter.3}{\376\377\000T\000h\000e\000o\000r\000e\000t\000i\000c\000a\000l\000\040\000B\000a\000c\000k\000g\000r\000o\000u\000n\000d}{}% 34
\BOOKMARK [0][-]{chapter.4}{\376\377\000M\000e\000t\000h\000o\000d\000o\000l\000o\000g\000y}{}% 35
\BOOKMARK [1][-]{section.4.1}{\376\377\000O\000v\000e\000r\000v\000i\000e\000w\000\040\000o\000f\000\040\000D\000a\000t\000a\000s\000e\000t}{chapter.4}% 36
\BOOKMARK [2][-]{subsection.4.1.1}{\376\377\000C\000l\000a\000s\000s\000\040\000D\000e\000s\000c\000r\000i\000p\000t\000i\000o\000n\000s}{section.4.1}% 37
\BOOKMARK [1][-]{section.4.2}{\376\377\000D\000a\000t\000a\000\040\000P\000r\000e\000p\000r\000o\000c\000e\000s\000s\000i\000n\000g\000\040\000a\000n\000d\000\040\000A\000u\000g\000m\000e\000n\000t\000a\000t\000i\000o\000n}{chapter.4}% 38
\BOOKMARK [2][-]{subsection.4.2.1}{\376\377\000I\000m\000a\000g\000e\000\040\000P\000r\000e\000p\000r\000o\000c\000e\000s\000s\000i\000n\000g\000\040\000T\000e\000c\000h\000n\000i\000q\000u\000e\000s}{section.4.2}% 39
\BOOKMARK [2][-]{subsection.4.2.2}{\376\377\000D\000a\000t\000a\000\040\000A\000u\000g\000m\000e\000n\000t\000a\000t\000i\000o\000n\000\040\000S\000t\000r\000a\000t\000e\000g\000i\000e\000s}{section.4.2}% 40
\BOOKMARK [2][-]{subsection.4.2.3}{\376\377\000D\000a\000t\000a\000\040\000S\000p\000l\000i\000t\000t\000i\000n\000g}{section.4.2}% 41
\BOOKMARK [1][-]{section.4.3}{\376\377\000H\000a\000r\000d\000w\000a\000r\000e\000\040\000a\000n\000d\000\040\000S\000o\000f\000t\000w\000a\000r\000e\000\040\000I\000n\000f\000r\000a\000s\000t\000r\000u\000c\000t\000u\000r\000e}{chapter.4}% 42
\BOOKMARK [2][-]{subsection.4.3.1}{\376\377\000H\000a\000r\000d\000w\000a\000r\000e\000\040\000S\000p\000e\000c\000i\000f\000i\000c\000a\000t\000i\000o\000n\000s}{section.4.3}% 43
\BOOKMARK [2][-]{subsection.4.3.2}{\376\377\000L\000i\000b\000r\000a\000r\000i\000e\000s\000\040\000a\000n\000d\000\040\000F\000r\000a\000m\000e\000w\000o\000r\000k\000s}{section.4.3}% 44
\BOOKMARK [1][-]{section.4.4}{\376\377\000D\000e\000e\000p\000\040\000L\000e\000a\000r\000n\000i\000n\000g\000\040\000A\000p\000p\000r\000o\000a\000c\000h\000e\000s}{chapter.4}% 45
\BOOKMARK [2][-]{subsection.4.4.1}{\376\377\000T\000r\000a\000n\000s\000f\000e\000r\000\040\000L\000e\000a\000r\000n\000i\000n\000g}{section.4.4}% 46
\BOOKMARK [2][-]{subsection.4.4.2}{\376\377\000F\000i\000n\000e\000\040\000T\000u\000n\000i\000n\000g}{section.4.4}% 47
\BOOKMARK [1][-]{section.4.5}{\376\377\000M\000o\000d\000e\000l\000\040\000A\000r\000c\000h\000i\000t\000e\000c\000t\000u\000r\000e\000s}{chapter.4}% 48
\BOOKMARK [2][-]{subsection.4.5.1}{\376\377\000C\000N\000N\000\040\000M\000o\000d\000e\000l\000s}{section.4.5}% 49
\BOOKMARK [2][-]{subsection.4.5.2}{\376\377\000V\000i\000s\000i\000o\000n\000\040\000T\000r\000a\000n\000s\000f\000o\000r\000m\000e\000r\000\040\000\050\000V\000i\000T\000\051}{section.4.5}% 50
\BOOKMARK [2][-]{subsection.4.5.3}{\376\377\000D\000e\000i\000T\000\040\000-\000\040\000D\000a\000t\000a\000-\000e\000f\000f\000i\000c\000i\000e\000n\000t\000\040\000I\000m\000a\000g\000e\000\040\000T\000r\000a\000n\000s\000f\000o\000r\000m\000e\000r}{section.4.5}% 51
\BOOKMARK [1][-]{section.4.6}{\376\377\000E\000v\000a\000l\000u\000a\000t\000i\000o\000n\000\040\000M\000e\000t\000r\000i\000c\000s}{chapter.4}% 52
\BOOKMARK [2][-]{subsection.4.6.1}{\376\377\000A\000c\000c\000u\000r\000a\000c\000y}{section.4.6}% 53
\BOOKMARK [2][-]{subsection.4.6.2}{\376\377\000P\000r\000e\000c\000i\000s\000i\000o\000n}{section.4.6}% 54
\BOOKMARK [2][-]{subsection.4.6.3}{\376\377\000R\000e\000c\000a\000l\000l}{section.4.6}% 55
\BOOKMARK [2][-]{subsection.4.6.4}{\376\377\000F\0001\000-\000S\000c\000o\000r\000e}{section.4.6}% 56
\BOOKMARK [2][-]{subsection.4.6.5}{\376\377\000A\000r\000e\000a\000\040\000U\000n\000d\000e\000r\000\040\000t\000h\000e\000\040\000R\000O\000C\000\040\000C\000u\000r\000v\000e\000\040\000\050\000A\000U\000C\000-\000R\000O\000C\000\051}{section.4.6}% 57
\BOOKMARK [1][-]{section.4.7}{\376\377\000V\000i\000s\000u\000a\000l\000i\000z\000a\000t\000i\000o\000n\000\040\000a\000n\000d\000\040\000A\000n\000a\000l\000y\000s\000i\000s\000\040\000T\000e\000c\000h\000n\000i\000q\000u\000e\000s}{chapter.4}% 58
\BOOKMARK [2][-]{subsection.4.7.1}{\376\377\000t\000-\000S\000N\000E\000\040\000V\000i\000s\000u\000a\000l\000i\000z\000a\000t\000i\000o\000n}{section.4.7}% 59
\BOOKMARK [2][-]{subsection.4.7.2}{\376\377\000G\000r\000a\000d\000-\000C\000A\000M\000\040\000V\000i\000s\000u\000a\000l\000i\000z\000a\000t\000i\000o\000n}{section.4.7}% 60
\BOOKMARK [0][-]{chapter.5}{\376\377\000R\000e\000s\000u\000l\000t\000s}{}% 61
\BOOKMARK [1][-]{section.5.1}{\376\377\000M\000o\000d\000e\000l\000\040\000P\000e\000r\000f\000o\000r\000m\000a\000n\000c\000e}{chapter.5}% 62
\BOOKMARK [1][-]{section.5.2}{\376\377\000C\000l\000a\000s\000s\000-\000w\000i\000s\000e\000\040\000P\000e\000r\000f\000o\000r\000m\000a\000n\000c\000e\000\040\000A\000n\000a\000l\000y\000s\000i\000s}{chapter.5}% 63
\BOOKMARK [1][-]{section.5.3}{\376\377\000C\000o\000m\000p\000a\000r\000i\000s\000o\000n\000\040\000w\000i\000t\000h\000\040\000P\000r\000e\000v\000i\000o\000u\000s\000\040\000M\000e\000t\000h\000o\000d\000s}{chapter.5}% 64
\BOOKMARK [0][-]{chapter.6}{\376\377\000D\000i\000s\000c\000u\000s\000s\000i\000o\000n}{}% 65
\BOOKMARK [1][-]{section.6.1}{\376\377\000D\000i\000s\000c\000u\000s\000s\000i\000o\000n}{chapter.6}% 66
\BOOKMARK [2][-]{subsection.6.1.1}{\376\377\000I\000m\000p\000l\000i\000c\000a\000t\000i\000o\000n\000s\000\040\000o\000f\000\040\000t\000h\000e\000\040\000R\000e\000s\000u\000l\000t\000s}{section.6.1}% 67
\BOOKMARK [2][-]{subsection.6.1.2}{\376\377\000C\000o\000m\000p\000a\000r\000i\000s\000o\000n\000\040\000w\000i\000t\000h\000\040\000V\000i\000T\000\040\000a\000n\000d\000\040\000R\000e\000s\000N\000e\000t\0005\0000}{section.6.1}% 68
\BOOKMARK [1][-]{section.6.2}{\376\377\000L\000i\000m\000i\000t\000a\000t\000i\000o\000n\000s}{chapter.6}% 69
\BOOKMARK [1][-]{section.6.3}{\376\377\000C\000o\000n\000c\000l\000u\000s\000i\000o\000n}{chapter.6}% 70
\BOOKMARK [1][-]{section.6.4}{\376\377\000F\000u\000t\000u\000r\000e\000\040\000W\000o\000r\000k}{chapter.6}% 71
\BOOKMARK [2][-]{subsection.6.4.1}{\376\377\000D\000a\000t\000a\000s\000e\000t\000\040\000E\000n\000h\000a\000n\000c\000e\000m\000e\000n\000t\000\040\000a\000n\000d\000\040\000D\000i\000v\000e\000r\000s\000i\000f\000i\000c\000a\000t\000i\000o\000n}{section.6.4}% 72
\BOOKMARK [2][-]{subsection.6.4.2}{\376\377\000A\000d\000v\000a\000n\000c\000e\000d\000\040\000M\000o\000d\000e\000l\000\040\000A\000r\000c\000h\000i\000t\000e\000c\000t\000u\000r\000e\000s}{section.6.4}% 73
\BOOKMARK [2][-]{subsection.6.4.3}{\376\377\000R\000e\000a\000l\000-\000W\000o\000r\000l\000d\000\040\000D\000e\000p\000l\000o\000y\000m\000e\000n\000t\000\040\000a\000n\000d\000\040\000E\000d\000g\000e\000\040\000C\000o\000m\000p\000u\000t\000i\000n\000g}{section.6.4}% 74
\BOOKMARK [2][-]{subsection.6.4.4}{\376\377\000M\000u\000l\000t\000i\000-\000M\000o\000d\000a\000l\000\040\000A\000p\000p\000r\000o\000a\000c\000h\000e\000s}{section.6.4}% 75
\BOOKMARK [2][-]{subsection.6.4.5}{\376\377\000E\000x\000p\000l\000a\000i\000n\000a\000b\000l\000e\000\040\000A\000I\000\040\000a\000n\000d\000\040\000I\000n\000t\000e\000r\000p\000r\000e\000t\000a\000b\000i\000l\000i\000t\000y}{section.6.4}% 76
\BOOKMARK [0][-]{chapter.7}{\376\377\000C\000o\000n\000c\000l\000u\000s\000i\000o\000n\000s}{}% 77
\BOOKMARK [1][-]{section.7.1}{\376\377\000S\000u\000m\000m\000a\000r\000y\000\040\000o\000f\000\040\000R\000e\000s\000e\000a\000r\000c\000h}{chapter.7}% 78
\BOOKMARK [1][-]{section.7.2}{\376\377\000K\000e\000y\000\040\000F\000i\000n\000d\000i\000n\000g\000s}{chapter.7}% 79
\BOOKMARK [2][-]{subsection.7.2.1}{\376\377\000M\000o\000d\000e\000l\000\040\000P\000e\000r\000f\000o\000r\000m\000a\000n\000c\000e}{section.7.2}% 80
\BOOKMARK [2][-]{subsection.7.2.2}{\376\377\000F\000e\000a\000t\000u\000r\000e\000\040\000R\000e\000p\000r\000e\000s\000e\000n\000t\000a\000t\000i\000o\000n\000\040\000A\000n\000a\000l\000y\000s\000i\000s}{section.7.2}% 81
\BOOKMARK [2][-]{subsection.7.2.3}{\376\377\000P\000r\000a\000c\000t\000i\000c\000a\000l\000\040\000I\000m\000p\000l\000i\000c\000a\000t\000i\000o\000n\000s}{section.7.2}% 82
\BOOKMARK [1][-]{section.7.3}{\376\377\000R\000e\000s\000e\000a\000r\000c\000h\000\040\000Q\000u\000e\000s\000t\000i\000o\000n\000s\000\040\000A\000d\000d\000r\000e\000s\000s\000e\000d}{chapter.7}% 83
\BOOKMARK [1][-]{section.7.4}{\376\377\000F\000u\000t\000u\000r\000e\000\040\000W\000o\000r\000k\000\040\000a\000n\000d\000\040\000R\000e\000c\000o\000m\000m\000e\000n\000d\000a\000t\000i\000o\000n\000s}{chapter.7}% 84
\BOOKMARK [2][-]{subsection.7.4.1}{\376\377\000M\000o\000d\000e\000l\000\040\000A\000r\000c\000h\000i\000t\000e\000c\000t\000u\000r\000e\000\040\000E\000n\000h\000a\000n\000c\000e\000m\000e\000n\000t\000s}{section.7.4}% 85
\BOOKMARK [2][-]{subsection.7.4.2}{\376\377\000D\000a\000t\000a\000\040\000a\000n\000d\000\040\000M\000e\000t\000h\000o\000d\000o\000l\000o\000g\000y\000\040\000I\000m\000p\000r\000o\000v\000e\000m\000e\000n\000t\000s}{section.7.4}% 86
\BOOKMARK [2][-]{subsection.7.4.3}{\376\377\000R\000e\000a\000l\000-\000W\000o\000r\000l\000d\000\040\000I\000m\000p\000l\000e\000m\000e\000n\000t\000a\000t\000i\000o\000n}{section.7.4}% 87
\BOOKMARK [2][-]{subsection.7.4.4}{\376\377\000L\000o\000n\000g\000i\000t\000u\000d\000i\000n\000a\000l\000\040\000a\000n\000d\000\040\000S\000c\000a\000l\000a\000b\000i\000l\000i\000t\000y\000\040\000S\000t\000u\000d\000i\000e\000s}{section.7.4}% 88
\BOOKMARK [2][-]{subsection.7.4.5}{\376\377\000D\000o\000m\000a\000i\000n\000-\000S\000p\000e\000c\000i\000f\000i\000c\000\040\000O\000p\000t\000i\000m\000i\000z\000a\000t\000i\000o\000n\000s}{section.7.4}% 89
\BOOKMARK [0][-]{subsection.7.4.5}{\376\377\000R\000e\000f\000e\000r\000e\000n\000c\000e\000s}{}% 90
\BOOKMARK [0][-]{chapter*.20}{\376\377\000A\000p\000p\000e\000n\000d\000i\000c\000e\000s}{}% 91
\BOOKMARK [0][-]{appendix*.21}{\376\377\000A\000\040\000-\000\040\000G\000i\000t\000h\000u\000b\000\040\000r\000e\000p\000o\000s\000i\000t\000o\000r\000y}{}% 92
